#
# A fatal error has been detected by the Java Runtime Environment:
#
#  EXCEPTION_ACCESS_VIOLATION (0xc0000005) at pc=0x000000005656f273, pid=5232, tid=0x0000000000001900
#
# JRE version: Java(TM) SE Runtime Environment (8.0_141-b15) (build 1.8.0_141-b15)
# Java VM: Java HotSpot(TM) 64-Bit Server VM (25.141-b15 mixed mode windows-amd64 compressed oops)
# Problematic frame:
# V  [jvm.dll+0x13f273]
#
# Failed to write core dump. Minidumps are not enabled by default on client versions of Windows
#
# If you would like to submit a bug report, please visit:
#   http://bugreport.java.com/bugreport/crash.jsp
#

---------------  T H R E A D  ---------------

Current thread (0x0000000001ddf800):  JavaThread "main" [_thread_in_vm, id=6400, stack(0x0000000002650000,0x0000000002750000)]

siginfo: ExceptionCode=0xc0000005, reading address 0x00000002b33a22e8

Registers:
RAX=0x0000000000000000, RBX=0x0000000001ddf800, RCX=0x0000000000000003, RDX=0x00000002b33a2280
RSP=0x000000000274d7b0, RBP=0x000000000274d900, RSI=0x0000000001ddf9f8, RDI=0x0000000001ddf800
R8 =0xfffff80132d623b0, R9 =0x000007fecd29dc7f, R10=0x000000000000002f, R11=0x000000000000002f
R12=0x0000000000000000, R13=0x0000000000000000, R14=0x000000000274db48, R15=0x000000000274db18
RIP=0x000000005656f273, EFLAGS=0x0000000000010202

Top of Stack: (sp=0x000000000274d7b0)
0x000000000274d7b0:   000007fecd29dc50 0000000001ddf800
0x000000000274d7c0:   000000000274d900 0000000000000000
0x000000000274d7d0:   0000000001ddf800 0000000000000000
0x000000000274d7e0:   0000000000000000 0000000000000000
0x000000000274d7f0:   000000001e5d86a0 000007fecd2768f4
0x000000000274d800:   0000000001ddf9f8 000000000274d900
0x000000000274d810:   0000000001ddf800 0000000002a816a0
0x000000000274d820:   0000000000000000 0000000002a81797
0x000000000274d830:   0000000002a81aa0 0000000000000000
0x000000000274d840:   0000000000000000 0000000000000000
0x000000000274d850:   0000000002a816a0 0000000002010000
0x000000000274d860:   0000000000000000 0000000000000000
0x000000000274d870:   0000000000000000 0000000000000000
0x000000000274d880:   0000000000000000 0000000000000000
0x000000000274d890:   0000000000000000 000000000274db50
0x000000000274d8a0:   000000000274db30 000000000274db18 

Instructions: (pc=0x000000005656f273)
0x000000005656f253:   00 00 48 8b 17 74 15 8b 52 08 8b 0d 45 25 66 00
0x000000005656f263:   48 d3 e2 48 03 15 33 25 66 00 eb 04 48 8b 52 08
0x000000005656f273:   48 8b 52 68 48 8b ce e8 51 78 0d 00 48 83 7c 24
0x000000005656f283:   28 00 48 8b f0 74 0a 48 8d 4c 24 20 e8 5c cb 13 


Register to memory mapping:

RAX=0x0000000000000000 is an unknown value
RBX=0x0000000001ddf800 is a thread
RCX=0x0000000000000003 is an unknown value
RDX=0x00000002b33a2280 is an unknown value
RSP=0x000000000274d7b0 is pointing into the stack for thread: 0x0000000001ddf800
RBP=0x000000000274d900 is pointing into the stack for thread: 0x0000000001ddf800
RSI=0x0000000001ddf9f8 is an unknown value
RDI=0x0000000001ddf800 is a thread
R8 =0xfffff80132d623b0 is an unknown value
R9 =0x000007fecd29dc7f is an unknown value
R10=0x000000000000002f is an unknown value
R11=0x000000000000002f is an unknown value
R12=0x0000000000000000 is an unknown value
R13=0x0000000000000000 is an unknown value
R14=0x000000000274db48 is pointing into the stack for thread: 0x0000000001ddf800
R15=0x000000000274db18 is pointing into the stack for thread: 0x0000000001ddf800


Stack: [0x0000000002650000,0x0000000002750000],  sp=0x000000000274d7b0,  free space=1013k
Native frames: (J=compiled Java code, j=interpreted, Vv=VM code, C=native code)
V  [jvm.dll+0x13f273]
C  [sqljdbc_auth.dll+0x68f4]
C  0x0000000002a37f74

Java frames: (J=compiled Java code, j=interpreted, Vv=VM code)
j  com.microsoft.sqlserver.jdbc.AuthenticationJNI.SNISecGenClientContext([B[I[BI[B[I[ZLjava/lang/String;Ljava/lang/String;Ljava/lang/String;Ljava/util/logging/Logger;)I+0
j  com.microsoft.sqlserver.jdbc.AuthenticationJNI.GenerateClientContext([BI[B[I[Z)I+24
j  com.microsoft.sqlserver.jdbc.SQLServerConnection.SSPIData([B[B[I[ZLcom/microsoft/sqlserver/jdbc/AuthenticationJNI;)V+13
j  com.microsoft.sqlserver.jdbc.SQLServerConnection.sendLogon(Lcom/microsoft/sqlserver/jdbc/SQLServerConnection$LogonCommand;Lcom/microsoft/sqlserver/jdbc/AuthenticationJNI;)V+155
j  com.microsoft.sqlserver.jdbc.SQLServerConnection.logon(Lcom/microsoft/sqlserver/jdbc/SQLServerConnection$LogonCommand;)V+20
j  com.microsoft.sqlserver.jdbc.SQLServerConnection.access$000(Lcom/microsoft/sqlserver/jdbc/SQLServerConnection;Lcom/microsoft/sqlserver/jdbc/SQLServerConnection$LogonCommand;)V+2
j  com.microsoft.sqlserver.jdbc.SQLServerConnection$LogonCommand.doExecute()Z+5
j  com.microsoft.sqlserver.jdbc.TDSCommand.execute(Lcom/microsoft/sqlserver/jdbc/TDSWriter;Lcom/microsoft/sqlserver/jdbc/TDSReader;)Z+30
j  com.microsoft.sqlserver.jdbc.SQLServerConnection.executeCommand(Lcom/microsoft/sqlserver/jdbc/TDSCommand;)Z+45
j  com.microsoft.sqlserver.jdbc.SQLServerConnection.connectHelper(Lcom/microsoft/sqlserver/jdbc/ServerPortPlaceHolder;II)V+284
j  com.microsoft.sqlserver.jdbc.SQLServerConnection.login(Ljava/lang/String;Ljava/lang/String;ILjava/lang/String;Lcom/microsoft/sqlserver/jdbc/FailoverInfo;IJ)V+399
j  com.microsoft.sqlserver.jdbc.SQLServerConnection.connect(Ljava/util/Properties;Lcom/microsoft/sqlserver/jdbc/SQLServerPooledConnection;)Ljava/sql/Connection;+1929
j  com.microsoft.sqlserver.jdbc.SQLServerDataSource.getConnectionInternal(Ljava/lang/String;Ljava/lang/String;Lcom/microsoft/sqlserver/jdbc/SQLServerPooledConnection;)Lcom/microsoft/sqlserver/jdbc/SQLServerConnection;+193
j  com.microsoft.sqlserver.jdbc.SQLServerDataSource.getConnection()Ljava/sql/Connection;+16
j  proxim.dao.ConexionSqlServer.Conectar_BaseDatos(Ljava/lang/String;Ljava/lang/String;Ljava/lang/String;Ljava/lang/String;Ljava/lang/String;)V+115
j  proxim.dao.ConexionSqlServer.Schedule(Ljava/lang/String;Ljava/lang/String;Ljava/lang/String;Ljava/lang/String;Ljava/lang/String;)Z+6
j  proxim.ui.Proxim.configuracion()V+68
v  ~StubRoutines::call_stub
j  sun.reflect.NativeMethodAccessorImpl.invoke0(Ljava/lang/reflect/Method;Ljava/lang/Object;[Ljava/lang/Object;)Ljava/lang/Object;+0
j  sun.reflect.NativeMethodAccessorImpl.invoke(Ljava/lang/Object;[Ljava/lang/Object;)Ljava/lang/Object;+100
j  sun.reflect.DelegatingMethodAccessorImpl.invoke(Ljava/lang/Object;[Ljava/lang/Object;)Ljava/lang/Object;+6
j  java.lang.reflect.Method.invoke(Ljava/lang/Object;[Ljava/lang/Object;)Ljava/lang/Object;+56
j  org.testng.internal.MethodInvocationHelper.invokeMethod(Ljava/lang/reflect/Method;Ljava/lang/Object;[Ljava/lang/Object;)Ljava/lang/Object;+235
j  org.testng.internal.Invoker.invokeConfigurationMethod(Ljava/lang/Object;Lorg/testng/ITestNGMethod;[Ljava/lang/Object;Lorg/testng/ITestResult;)V+128
j  org.testng.internal.Invoker.invokeConfigurations(Lorg/testng/IClass;Lorg/testng/ITestNGMethod;[Lorg/testng/ITestNGMethod;Lorg/testng/xml/XmlSuite;Ljava/util/Map;[Ljava/lang/Object;Ljava/lang/Object;Lorg/testng/ITestResult;)V+303
j  org.testng.internal.Invoker.invokeConfigurations(Lorg/testng/IClass;[Lorg/testng/ITestNGMethod;Lorg/testng/xml/XmlSuite;Ljava/util/Map;[Ljava/lang/Object;Ljava/lang/Object;)V+12
j  org.testng.TestRunner.beforeRun()V+60
j  org.testng.TestRunner.run()V+1
j  org.testng.SuiteRunner.runTest(Lorg/testng/TestRunner;)V+1
j  org.testng.SuiteRunner.runSequentially()V+31
j  org.testng.SuiteRunner.privateRun()V+282
j  org.testng.SuiteRunner.run()V+6
j  org.testng.SuiteRunnerWorker.runSuite(Lorg/testng/internal/SuiteRunnerMap;Lorg/testng/xml/XmlSuite;)V+89
j  org.testng.SuiteRunnerWorker.run()V+12
j  org.testng.TestNG.runSuitesSequentially(Lorg/testng/xml/XmlSuite;Lorg/testng/internal/SuiteRunnerMap;ILjava/lang/String;)V+66
j  org.testng.TestNG.runSuitesLocally()Ljava/util/List;+143
j  org.testng.TestNG.run()V+77
j  org.testng.remote.AbstractRemoteTestNG.run()V+149
j  org.testng.remote.RemoteTestNG.initAndRun(Lorg/testng/remote/IRemoteTestNG;[Ljava/lang/String;Lorg/testng/CommandLineArgs;Lorg/testng/remote/RemoteArgs;)V+184
j  org.testng.remote.RemoteTestNG.main([Ljava/lang/String;)V+201
v  ~StubRoutines::call_stub

---------------  P R O C E S S  ---------------

Java Threads: ( => current thread )
  0x000000001e58a800 JavaThread "ReaderThread" [_thread_in_native, id=5820, stack(0x000000001f0f0000,0x000000001f1f0000)]
  0x000000001d8b1800 JavaThread "Service Thread" daemon [_thread_blocked, id=8444, stack(0x000000001e030000,0x000000001e130000)]
  0x000000001d825800 JavaThread "C1 CompilerThread2" daemon [_thread_blocked, id=8788, stack(0x000000001de40000,0x000000001df40000)]
  0x000000001d824800 JavaThread "C2 CompilerThread1" daemon [_thread_blocked, id=6920, stack(0x000000001dc60000,0x000000001dd60000)]
  0x000000001bffe800 JavaThread "C2 CompilerThread0" daemon [_thread_blocked, id=8484, stack(0x000000001d5d0000,0x000000001d6d0000)]
  0x000000001bffa000 JavaThread "Attach Listener" daemon [_thread_blocked, id=8308, stack(0x000000001d720000,0x000000001d820000)]
  0x000000001bff9000 JavaThread "Signal Dispatcher" daemon [_thread_blocked, id=8928, stack(0x000000001d490000,0x000000001d590000)]
  0x000000001bfdc000 JavaThread "Finalizer" daemon [_thread_blocked, id=8888, stack(0x000000001d220000,0x000000001d320000)]
  0x000000001bf94800 JavaThread "Reference Handler" daemon [_thread_blocked, id=8548, stack(0x000000001d370000,0x000000001d470000)]
=>0x0000000001ddf800 JavaThread "main" [_thread_in_vm, id=6400, stack(0x0000000002650000,0x0000000002750000)]

Other Threads:
  0x000000001bf8d000 VMThread [stack: 0x000000001d080000,0x000000001d180000] [id=7652]
  0x000000001d8c7800 WatcherThread [stack: 0x000000001e2d0000,0x000000001e3d0000] [id=1584]

VM state:not at safepoint (normal execution)

VM Mutex/Monitor currently owned by a thread: None

Heap:
 PSYoungGen      total 76288K, used 45965K [0x000000076b380000, 0x0000000770880000, 0x00000007c0000000)
  eden space 65536K, 70% used [0x000000076b380000,0x000000076e0635a0,0x000000076f380000)
  from space 10752K, 0% used [0x000000076fe00000,0x000000076fe00000,0x0000000770880000)
  to   space 10752K, 0% used [0x000000076f380000,0x000000076f380000,0x000000076fe00000)
 ParOldGen       total 175104K, used 0K [0x00000006c1a00000, 0x00000006cc500000, 0x000000076b380000)
  object space 175104K, 0% used [0x00000006c1a00000,0x00000006c1a00000,0x00000006cc500000)
 Metaspace       used 15772K, capacity 16034K, committed 16256K, reserved 1064960K
  class space    used 1535K, capacity 1609K, committed 1664K, reserved 1048576K

Card table byte_map: [0x0000000011de0000,0x00000000125e0000] byte_map_base: 0x000000000e7d3000

Marking Bits: (ParMarkBitMap*) 0x0000000056c4d850
 Begin Bits: [0x0000000012ed0000, 0x0000000016e68000)
 End Bits:   [0x0000000016e68000, 0x000000001ae00000)

Polling page: 0x00000000002c0000

CodeCache: size=245760Kb used=4773Kb max_used=4773Kb free=240986Kb
 bounds [0x0000000002a20000, 0x0000000002ed0000, 0x0000000011a20000]
 total_blobs=1722 nmethods=1335 adapters=300
 compilation: enabled

Compilation events (10 events):
Event: 2.470 Thread 0x000000001d825800 1332       3       com.sun.crypto.provider.AESCrypt::mul4 (181 bytes)
Event: 2.470 Thread 0x000000001d825800 nmethod 1332 0x0000000002ec8350 code [0x0000000002ec8560, 0x0000000002ec8f90]
Event: 2.475 Thread 0x000000001d825800 1333       3       sun.security.provider.DigestBase::<init> (27 bytes)
Event: 2.475 Thread 0x000000001d825800 nmethod 1333 0x0000000002eca090 code [0x0000000002eca200, 0x0000000002eca4d0]
Event: 2.477 Thread 0x000000001d825800 1334       3       java.lang.String::trim (77 bytes)
Event: 2.478 Thread 0x000000001d825800 nmethod 1334 0x0000000002ec7b90 code [0x0000000002ec7d20, 0x0000000002ec81c8]
Event: 2.478 Thread 0x000000001d825800 1335       3       sun.security.provider.DigestBase::engineDigest (112 bytes)
Event: 2.479 Thread 0x000000001d825800 nmethod 1335 0x0000000002ec61d0 code [0x0000000002ec6440, 0x0000000002ec74d8]
Event: 2.480 Thread 0x000000001d825800 1336       3       java.io.WinNTFileSystem::parentOrNull (171 bytes)
Event: 2.481 Thread 0x000000001d825800 nmethod 1336 0x0000000002ecb190 code [0x0000000002ecb3c0, 0x0000000002ecc138]

GC Heap History (0 events):
No events

Deoptimization events (10 events):
Event: 2.042 Thread 0x0000000001ddf800 Uncommon trap: reason=unstable_if action=reinterpret pc=0x0000000002b8ed00 method=java.lang.String.startsWith(Ljava/lang/String;I)Z @ 25
Event: 2.106 Thread 0x0000000001ddf800 Uncommon trap: reason=class_check action=maybe_recompile pc=0x0000000002d6e588 method=java.util.HashMap.putVal(ILjava/lang/Object;Ljava/lang/Object;ZZ)Ljava/lang/Object; @ 203
Event: 2.107 Thread 0x0000000001ddf800 Uncommon trap: reason=class_check action=maybe_recompile pc=0x0000000002d6e588 method=java.util.HashMap.putVal(ILjava/lang/Object;Ljava/lang/Object;ZZ)Ljava/lang/Object; @ 203
Event: 2.108 Thread 0x0000000001ddf800 Uncommon trap: reason=class_check action=maybe_recompile pc=0x0000000002d6e588 method=java.util.HashMap.putVal(ILjava/lang/Object;Ljava/lang/Object;ZZ)Ljava/lang/Object; @ 203
Event: 2.110 Thread 0x0000000001ddf800 Uncommon trap: reason=class_check action=maybe_recompile pc=0x0000000002d6e588 method=java.util.HashMap.putVal(ILjava/lang/Object;Ljava/lang/Object;ZZ)Ljava/lang/Object; @ 203
Event: 2.127 Thread 0x0000000001ddf800 Uncommon trap: reason=unstable_if action=reinterpret pc=0x0000000002d94588 method=java.util.regex.Pattern$BmpCharProperty.match(Ljava/util/regex/Matcher;ILjava/lang/CharSequence;)Z @ 5
Event: 2.254 Thread 0x0000000001ddf800 Uncommon trap: reason=unstable_if action=reinterpret pc=0x0000000002d7e59c method=java.lang.CharacterDataLatin1.digit(II)I @ 82
Event: 2.281 Thread 0x0000000001ddf800 Uncommon trap: reason=class_check action=maybe_recompile pc=0x0000000002cefeb0 method=java.util.concurrent.ConcurrentHashMap.get(Ljava/lang/Object;)Ljava/lang/Object; @ 149
Event: 2.286 Thread 0x0000000001ddf800 Uncommon trap: reason=class_check action=maybe_recompile pc=0x0000000002cefeb0 method=java.util.concurrent.ConcurrentHashMap.get(Ljava/lang/Object;)Ljava/lang/Object; @ 149
Event: 2.286 Thread 0x0000000001ddf800 Uncommon trap: reason=class_check action=maybe_recompile pc=0x0000000002cefeb0 method=java.util.concurrent.ConcurrentHashMap.get(Ljava/lang/Object;)Ljava/lang/Object; @ 149

Internal exceptions (10 events):
Event: 0.438 Thread 0x0000000001ddf800 Exception <a 'java/security/PrivilegedActionException'> (0x000000076b7fb6f0) thrown at [C:\re\workspace\8-2-build-windows-amd64-cygwin\jdk8u141\9370\hotspot\src\share\vm\prims\jvm.cpp, line 1390]
Event: 0.438 Thread 0x0000000001ddf800 Exception <a 'java/security/PrivilegedActionException'> (0x000000076b7fb900) thrown at [C:\re\workspace\8-2-build-windows-amd64-cygwin\jdk8u141\9370\hotspot\src\share\vm\prims\jvm.cpp, line 1390]
Event: 0.439 Thread 0x0000000001ddf800 Exception <a 'java/security/PrivilegedActionException'> (0x000000076b7fe278) thrown at [C:\re\workspace\8-2-build-windows-amd64-cygwin\jdk8u141\9370\hotspot\src\share\vm\prims\jvm.cpp, line 1390]
Event: 0.439 Thread 0x0000000001ddf800 Exception <a 'java/security/PrivilegedActionException'> (0x000000076b7fe488) thrown at [C:\re\workspace\8-2-build-windows-amd64-cygwin\jdk8u141\9370\hotspot\src\share\vm\prims\jvm.cpp, line 1390]
Event: 1.424 Thread 0x0000000001ddf800 Exception <a 'java/lang/ArrayIndexOutOfBoundsException'> (0x000000076bd60ff8) thrown at [C:\re\workspace\8-2-build-windows-amd64-cygwin\jdk8u141\9370\hotspot\src\share\vm\runtime\sharedRuntime.cpp, line 605]
Event: 1.424 Thread 0x0000000001ddf800 Exception <a 'java/lang/ArrayIndexOutOfBoundsException'> (0x000000076bd61c80) thrown at [C:\re\workspace\8-2-build-windows-amd64-cygwin\jdk8u141\9370\hotspot\src\share\vm\runtime\sharedRuntime.cpp, line 605]
Event: 1.962 Thread 0x0000000001ddf800 Exception <a 'java/lang/ArrayIndexOutOfBoundsException'> (0x000000076cd0e120) thrown at [C:\re\workspace\8-2-build-windows-amd64-cygwin\jdk8u141\9370\hotspot\src\share\vm\runtime\sharedRuntime.cpp, line 605]
Event: 1.963 Thread 0x0000000001ddf800 Exception <a 'java/lang/ArrayIndexOutOfBoundsException': 60> (0x000000076cd13658) thrown at [C:\re\workspace\8-2-build-windows-amd64-cygwin\jdk8u141\9370\hotspot\src\share\vm\interpreter\interpreterRuntime.cpp, line 366]
Event: 2.306 Thread 0x0000000001ddf800 Exception <a 'java/lang/NoSuchFieldError': method resolution failed> (0x000000076d3de368) thrown at [C:\re\workspace\8-2-build-windows-amd64-cygwin\jdk8u141\9370\hotspot\src\share\vm\prims\methodHandles.cpp, line 1146]
Event: 2.308 Thread 0x0000000001ddf800 Exception <a 'java/lang/NoSuchFieldError': method resolution failed> (0x000000076d3ebdf8) thrown at [C:\re\workspace\8-2-build-windows-amd64-cygwin\jdk8u141\9370\hotspot\src\share\vm\prims\methodHandles.cpp, line 1146]

Events (10 events):
Event: 2.475 loading class javax/crypto/MacSpi
Event: 2.475 loading class javax/crypto/MacSpi done
Event: 2.478 loading class sun/security/ssl/CipherBox$1
Event: 2.478 loading class sun/security/ssl/CipherBox$1 done
Event: 2.478 loading class java/lang/StrictMath
Event: 2.478 loading class java/lang/StrictMath done
Event: 2.479 loading class com/microsoft/sqlserver/jdbc/AuthenticationJNI
Event: 2.479 loading class com/microsoft/sqlserver/jdbc/AuthenticationJNI done
Event: 2.480 loading class java/lang/ClassLoaderHelper
Event: 2.480 loading class java/lang/ClassLoaderHelper done


Dynamic libraries:
0x000000013fc40000 - 0x000000013fc77000 	C:\instaladores\jre1.8.0_141\bin\javaw.exe
0x0000000077860000 - 0x0000000077a0a000 	C:\Windows\SYSTEM32\ntdll.dll
0x0000000077280000 - 0x000000007739f000 	C:\Windows\system32\kernel32.dll
0x000007fefdff0000 - 0x000007fefe05a000 	C:\Windows\system32\KERNELBASE.dll
0x000007feff390000 - 0x000007feff46b000 	C:\Windows\system32\ADVAPI32.dll
0x000007feff1b0000 - 0x000007feff24f000 	C:\Windows\system32\msvcrt.dll
0x000007feffa20000 - 0x000007feffa3f000 	C:\Windows\SYSTEM32\sechost.dll
0x000007feffa40000 - 0x000007feffb6d000 	C:\Windows\system32\RPCRT4.dll
0x0000000077180000 - 0x000000007727a000 	C:\Windows\system32\USER32.dll
0x000007feff960000 - 0x000007feff9c7000 	C:\Windows\system32\GDI32.dll
0x000007feff750000 - 0x000007feff75e000 	C:\Windows\system32\LPK.dll
0x000007fefe0a0000 - 0x000007fefe16a000 	C:\Windows\system32\USP10.dll
0x000007fefc4f0000 - 0x000007fefc6e4000 	C:\Windows\WinSxS\amd64_microsoft.windows.common-controls_6595b64144ccf1df_6.0.7601.17514_none_fa396087175ac9ac\COMCTL32.dll
0x000007feff470000 - 0x000007feff4e1000 	C:\Windows\system32\SHLWAPI.dll
0x000007feff4f0000 - 0x000007feff51e000 	C:\Windows\system32\IMM32.DLL
0x000007feff520000 - 0x000007feff629000 	C:\Windows\system32\MSCTF.dll
0x000007fee80f0000 - 0x000007fee819e000 	C:\Program Files\McAfee\Endpoint Security\Threat Prevention\Ips\EpMPApi.dll
0x000007fefdd80000 - 0x000007fefddbb000 	C:\Windows\system32\WINTRUST.dll
0x000007fefddc0000 - 0x000007fefdf2d000 	C:\Windows\system32\CRYPT32.dll
0x000007fefdd70000 - 0x000007fefdd7f000 	C:\Windows\system32\MSASN1.dll
0x000000006ba50000 - 0x000000006ba5b000 	C:\Program Files\McAfee\Endpoint Security\Threat Prevention\Ips\EpMPThe.dll
0x000000005a6a0000 - 0x000000005a772000 	C:\instaladores\jre1.8.0_141\bin\msvcr100.dll
0x0000000056430000 - 0x0000000056ccd000 	C:\instaladores\jre1.8.0_141\bin\server\jvm.dll
0x000007fef9d60000 - 0x000007fef9d69000 	C:\Windows\system32\WSOCK32.dll
0x0000000000270000 - 0x00000000002bd000 	C:\Windows\system32\WS2_32.dll
0x000007feff100000 - 0x000007feff108000 	C:\Windows\system32\NSI.dll
0x000007fefaa70000 - 0x000007fefaaab000 	C:\Windows\system32\WINMM.dll
0x000007fefce10000 - 0x000007fefce1c000 	C:\Windows\system32\VERSION.dll
0x0000000077a30000 - 0x0000000077a37000 	C:\Windows\system32\PSAPI.DLL
0x000000005a7e0000 - 0x000000005a7ef000 	C:\instaladores\jre1.8.0_141\bin\verify.dll
0x000000005a670000 - 0x000000005a699000 	C:\instaladores\jre1.8.0_141\bin\java.dll
0x000000005a7c0000 - 0x000000005a7d6000 	C:\instaladores\jre1.8.0_141\bin\zip.dll
0x000007fefe370000 - 0x000007feff0f8000 	C:\Windows\system32\SHELL32.dll
0x000007fefe170000 - 0x000007fefe36c000 	C:\Windows\system32\ole32.dll
0x000007fefdcd0000 - 0x000007fefdcdf000 	C:\Windows\system32\profapi.dll
0x000000005a650000 - 0x000000005a66a000 	C:\instaladores\jre1.8.0_141\bin\net.dll
0x000007fefd520000 - 0x000007fefd575000 	C:\Windows\system32\mswsock.dll
0x000007fefd780000 - 0x000007fefd787000 	C:\Windows\System32\wship6.dll
0x000007fefcee0000 - 0x000007fefcee7000 	C:\Windows\System32\wshtcpip.dll
0x000007fefd3b0000 - 0x000007fefd40b000 	C:\Windows\system32\DNSAPI.dll
0x000007fefb480000 - 0x000007fefb4a7000 	C:\Windows\system32\IPHLPAPI.DLL
0x000007fefb410000 - 0x000007fefb41b000 	C:\Windows\system32\WINNSI.DLL
0x000007fef9380000 - 0x000007fef9388000 	C:\Windows\system32\rasadhlp.dll
0x000007fefb3b0000 - 0x000007fefb403000 	C:\Windows\System32\fwpuclnt.dll
0x000007fefd580000 - 0x000007fefd598000 	C:\Windows\system32\CRYPTSP.dll
0x000007fefd290000 - 0x000007fefd2d7000 	C:\Windows\system32\rsaenh.dll
0x000007fefcff0000 - 0x000007fefd00e000 	C:\Windows\system32\USERENV.dll
0x000007fefdc00000 - 0x000007fefdc0f000 	C:\Windows\system32\CRYPTBASE.dll
0x000007fefb210000 - 0x000007fefb228000 	C:\Windows\system32\dhcpcsvc.DLL
0x000007fefb1f0000 - 0x000007fefb201000 	C:\Windows\system32\dhcpcsvc6.DLL
0x000000005a630000 - 0x000000005a641000 	C:\instaladores\jre1.8.0_141\bin\nio.dll
0x000007fefb6e0000 - 0x000007fefb6f5000 	C:\Windows\system32\NLAapi.dll
0x000007feec8b0000 - 0x000007feec8c5000 	C:\Windows\system32\napinsp.dll
0x000007feec890000 - 0x000007feec8a9000 	C:\Windows\system32\pnrpnsp.dll
0x000007feec880000 - 0x000007feec88b000 	C:\Windows\System32\winrnr.dll
0x000007feec870000 - 0x000007feec880000 	C:\Windows\system32\wshbth.dll
0x0000000059b60000 - 0x0000000059b84000 	C:\instaladores\jre1.8.0_141\bin\sunec.dll
0x000000005a370000 - 0x000000005a37b000 	C:\instaladores\jre1.8.0_141\bin\sunmscapi.dll
0x000007fecd270000 - 0x000007fecd2be000 	C:\Users\xt8048\Desktop\nuevo\sqljdbc_6.0\esn\auth\x64\sqljdbc_auth.dll
0x000007fef9d00000 - 0x000007fef9d03000 	C:\Windows\system32\api-ms-win-core-synch-l1-2-0.DLL
0x000007fefd9b0000 - 0x000007fefd9bb000 	C:\Windows\system32\secur32.dll
0x000007fefdb70000 - 0x000007fefdb95000 	C:\Windows\system32\SSPICLI.DLL
0x000007fefd150000 - 0x000007fefd15a000 	C:\Windows\system32\credssp.dll
0x000007fefd5a0000 - 0x000007fefd658000 	C:\Windows\system32\kerberos.DLL
0x000007fefd810000 - 0x000007fefd824000 	C:\Windows\system32\cryptdll.dll
0x000007fefd4c0000 - 0x000007fefd512000 	C:\Windows\system32\msv1_0.DLL
0x000007feeecf0000 - 0x000007feeed17000 	C:\Windows\system32\ntdsapi.dll
0x000007fef93a0000 - 0x000007fef94c5000 	C:\Windows\system32\dbghelp.dll

VM Arguments:
jvm_args: -ea -Djava.library.path=C:\Users\xt8048\Desktop\nuevo\sqljdbc_6.0\esn\auth\x64 -Dfile.encoding=Cp1252 
java_command: org.testng.remote.RemoteTestNG -serport 59633 -protocol json -d C:\Users\xt8048\git\bie-web-automatizacion\proxim_v2\test-output C:\Users\xt8048\AppData\Local\Temp\testng-eclipse--1666948657\testng-customsuite.xml
java_class_path (initial): C:\instaladores\eclipse\configuration\org.eclipse.osgi\1003\0\.cp\lib\testng-remote.jar;C:\Users\xt8048\git\bie-web-automatizacion\proxim_v2\target\test-classes;C:\Users\xt8048\git\bie-web-automatizacion\proxim_v2\target\classes;C:\Proyecto\Librerias\sqljdbc4-2.0.jar;C:\Proyecto\Librerias\sqlserverjdbc.jar;C:\Proyecto\Librerias\selenium-java-2.53.0\libs\testng-6.9.9.jar;C:\instaladores\.m2\junit\junit\4.9\junit-4.9.jar;C:\instaladores\.m2\org\hamcrest\hamcrest-core\1.1\hamcrest-core-1.1.jar;C:\instaladores\.m2\org\seleniumhq\selenium\selenium-java\3.6.0\selenium-java-3.6.0.jar;C:\instaladores\.m2\org\seleniumhq\selenium\selenium-api\3.6.0\selenium-api-3.6.0.jar;C:\instaladores\.m2\org\seleniumhq\selenium\selenium-chrome-driver\3.6.0\selenium-chrome-driver-3.6.0.jar;C:\instaladores\.m2\org\seleniumhq\selenium\selenium-edge-driver\3.6.0\selenium-edge-driver-3.6.0.jar;C:\instaladores\.m2\org\seleniumhq\selenium\selenium-firefox-driver\3.6.0\selenium-firefox-driver-3.6.0.jar;C:\instaladores\.m2\org\seleniumhq\selenium\selenium-ie-driver\3.6.0\selenium-ie-driver-3.6.0.jar;C:\instaladores\.m2\org\seleniumhq\selenium\selenium-opera-driver\3.6.0\selenium-opera-driver-3.6.0.jar;C:\instaladores\.m2\org\seleniumhq\selenium\selenium-remote-driver\3.6.0\selenium-remote-driver-3.6.0.jar;C:\instaladores\.m2\org\seleniumhq\selenium\selenium-safari-driver\3.6.0\selenium-safari-driver-3.6.0.jar;C:\instaladores\.m2\org\seleniumhq\selenium\selenium-support\3.6.0\selenium-support-3.6.0.jar;C:\instaladores\.m2\net\bytebuddy\byte-buddy\1.7.5\byte-buddy-1.7.5.jar;C:\instaladores\.m2\org\apache\commons\commons-exec\1.3\commons-exec-1.3.jar;C:\instaladores\.m2\commons-codec\commons-codec\1.10\commons-codec-1.10.jar;C:\instaladores\.m2\commons-logging\commons-logging\1.2\commons-logging-1.2.jar;C:\instaladores\.m2\com\google\code\gson\gson\2.8.0\gson-2.8.0.jar;C:\instaladores\.m2\com\google\guava\guava\23.0\guava-23.0.jar;C:\instaladores\.m2\com\google\code\findbu
Launcher Type: SUN_STANDARD

Environment Variables:
CLASSPATH=C:\Program Files\Java\jdk1.8.0_152\bin;C:\Program Files\Java\jre1.8.0_152\bin
PATH=C:/Program Files/Java/jdk1.8.0_152/bin/../jre/bin/server;C:/Program Files/Java/jdk1.8.0_152/bin/../jre/bin;C:/Program Files/Java/jdk1.8.0_152/bin/../jre/lib/amd64;C:\Windows\system32;C:\Windows;C:\Windows\System32\Wbem;C:\Windows\System32\WindowsPowerShell\v1.0\;C:\Program Files\TortoiseSVN\bin;c:\Program Files (x86)\Microsoft SQL Server\110\Tools\Binn\ManagementStudio\;c:\Program Files (x86)\Microsoft SQL Server\110\Tools\Binn\;c:\Program Files (x86)\Microsoft SQL Server\110\DTS\Binn\;C:\Program Files\Microsoft SQL Server\130\Tools\Binn\;C:\Program Files\dotnet\;C:\Program Files\Microsoft SQL Server\110\Tools\Binn\;C:\Program Files\Microsoft SQL Server\110\DTS\Binn\;C:\Program Files (x86)\Microsoft Visual Studio 10.0\Common7\IDE\PrivateAssemblies\;C:\Program Files (x86)\IBM\Personal Communications\;C:\Program Files (x86)\IBM\Trace Facility\;C:\Program Files\Java\jdk1.8.0_152\bin;C:\instaladores\eclipse;
USERNAME=XT8048
OS=Windows_NT
PROCESSOR_IDENTIFIER=Intel64 Family 6 Model 61 Stepping 4, GenuineIntel



---------------  S Y S T E M  ---------------

OS: Windows 7 , 64 bit Build 7601 (6.1.7601.23796)

CPU:total 4 (initial active 4) (2 cores per cpu, 2 threads per core) family 6 model 61 stepping 4, cmov, cx8, fxsr, mmx, sse, sse2, sse3, ssse3, sse4.1, sse4.2, popcnt, avx, avx2, aes, clmul, erms, rtm, 3dnowpref, lzcnt, ht, tsc, tscinvbit, bmi1, bmi2, adx

Memory: 4k page, physical 16663000k(11181912k free), swap 33324140k(26758480k free)

vm_info: Java HotSpot(TM) 64-Bit Server VM (25.141-b15) for windows-amd64 JRE (1.8.0_141-b15), built on Jul 12 2017 04:25:12 by "java_re" with MS VC++ 10.0 (VS2010)

time: Thu Dec 07 14:52:22 2017
elapsed time: 2 seconds (0d 0h 0m 2s)

